2024-11-05 02:39:39,227 - INFO - Started encryption of Target Folder
2024-11-05 02:40:14,401 - INFO - Started decryption of Target Folder
2024-11-05 02:47:52,865 - INFO - Started monitoring the target folder for encryption/decryption changes.
2024-11-05 02:48:23,513 - INFO - Target folder file test.jpeg has been decrypted.
2024-11-05 02:48:23,513 - INFO - Target folder file test.txt has been decrypted.
2024-11-05 02:48:23,514 - INFO - Target folder file test.jpeg has been decrypted.
2024-11-05 02:48:23,514 - INFO - Target folder file test.txt has been decrypted.
2024-11-05 02:48:23,514 - INFO - Target folder file test.jpeg has been decrypted.
2024-11-05 02:48:23,514 - INFO - Target folder file test.txt has been decrypted.
2024-11-05 02:48:24,017 - INFO - Target folder file .encrypted_marker has been decrypted.
2024-11-05 02:48:24,017 - INFO - Target folder file test.jpeg.enc has been encrypted.
2024-11-05 02:48:24,017 - INFO - Target folder file test.txt.enc has been encrypted.
2024-11-05 02:48:24,017 - INFO - Target folder file .encrypted_marker has been decrypted.
2024-11-05 02:48:24,017 - INFO - Target folder file test.jpeg.enc has been encrypted.
2024-11-05 02:48:24,017 - INFO - Target folder file test.txt.enc has been encrypted.
2024-11-05 02:48:24,017 - INFO - Target folder file .encrypted_marker has been decrypted.
2024-11-05 02:48:24,017 - INFO - Target folder file test.jpeg.enc has been encrypted.
2024-11-05 02:48:24,017 - INFO - Target folder file test.txt.enc has been encrypted.
2024-11-05 02:48:24,017 - INFO - Target folder file .encrypted_marker has been decrypted.
2024-11-05 02:48:24,017 - INFO - Target folder file test.jpeg.enc has been encrypted.
2024-11-05 02:48:24,018 - INFO - Target folder file test.txt.enc has been encrypted.
2024-11-05 02:48:24,018 - INFO - Target folder file .encrypted_marker has been decrypted.
2024-11-05 02:48:24,018 - INFO - Target folder file test.jpeg.enc has been encrypted.
2024-11-05 02:48:24,018 - INFO - Target folder file test.txt.enc has been encrypted.
2024-11-05 02:48:24,018 - INFO - Target folder file .encrypted_marker has been decrypted.
2024-11-05 02:48:24,018 - INFO - Target folder file test.jpeg.enc has been encrypted.
2024-11-05 02:48:24,018 - INFO - Target folder file test.txt.enc has been encrypted.
2024-11-05 02:48:24,018 - INFO - Target folder file .encrypted_marker has been decrypted.
2024-11-05 02:48:24,018 - INFO - Target folder file test.jpeg.enc has been encrypted.
2024-11-05 02:48:24,018 - INFO - Target folder file test.txt.enc has been encrypted.
2024-11-05 02:48:24,018 - INFO - Target folder file .encrypted_marker has been decrypted.
2024-11-05 02:48:24,018 - INFO - Target folder file test.jpeg.enc has been encrypted.
2024-11-05 02:48:24,018 - INFO - Target folder file test.txt.enc has been encrypted.
2024-11-05 02:56:25,387 - INFO - Started monitoring the target folder for encryption/decryption changes.
2024-11-05 03:08:11,077 - INFO - Started monitoring the target folder for encryption/decryption changes.
2024-11-05 03:09:18,765 - INFO - Target folder file .encrypted_marker has been decrypted.
2024-11-05 03:09:18,766 - INFO - Target folder file test.jpeg.enc has been encrypted.
2024-11-05 03:09:18,766 - INFO - Target folder file test.txt.enc has been encrypted.
2024-11-05 03:09:18,766 - INFO - Target folder file .encrypted_marker has been decrypted.
2024-11-05 03:09:18,766 - INFO - Target folder file test.jpeg.enc has been encrypted.
2024-11-05 03:09:18,766 - INFO - Target folder file test.txt.enc has been encrypted.
2024-11-05 03:09:18,767 - INFO - Target folder file .encrypted_marker has been decrypted.
2024-11-05 03:09:18,767 - INFO - Target folder file test.jpeg.enc has been encrypted.
2024-11-05 03:09:18,767 - INFO - Target folder file test.txt.enc has been encrypted.
2024-11-05 03:09:19,275 - INFO - Target folder file test.jpeg has been decrypted.
2024-11-05 03:09:19,276 - INFO - Target folder file test.txt has been decrypted.
2024-11-05 03:09:19,276 - INFO - Target folder file test.jpeg has been decrypted.
2024-11-05 03:09:19,276 - INFO - Target folder file test.txt has been decrypted.
2024-11-05 03:09:19,276 - INFO - Target folder file test.jpeg has been decrypted.
2024-11-05 03:09:19,276 - INFO - Target folder file test.txt has been decrypted.
2024-11-05 03:09:19,276 - INFO - Target folder file test.jpeg has been decrypted.
2024-11-05 03:09:19,276 - INFO - Target folder file test.txt has been decrypted.
2024-11-05 03:09:19,276 - INFO - Target folder file test.jpeg has been decrypted.
2024-11-05 03:09:19,276 - INFO - Target folder file test.txt has been decrypted.
2024-11-05 03:09:19,276 - INFO - Target folder file test.jpeg has been decrypted.
2024-11-05 03:09:19,276 - INFO - Target folder file test.txt has been decrypted.
2024-11-05 03:10:16,443 - INFO - Target folder file test.jpeg has been decrypted.
2024-11-05 03:10:16,444 - INFO - Target folder file test.txt has been decrypted.
2024-11-05 03:10:16,444 - INFO - Target folder file test.jpeg has been decrypted.
2024-11-05 03:10:16,444 - INFO - Target folder file test.txt has been decrypted.
2024-11-05 03:10:16,445 - INFO - Target folder file test.jpeg has been decrypted.
2024-11-05 03:10:16,445 - INFO - Target folder file test.txt has been decrypted.
2024-11-05 03:10:16,946 - INFO - Target folder file .encrypted_marker has been decrypted.
2024-11-05 03:10:16,946 - INFO - Target folder file test.jpeg.enc has been encrypted.
2024-11-05 03:10:16,946 - INFO - Target folder file test.txt.enc has been encrypted.
2024-11-05 03:10:16,946 - INFO - Target folder file .encrypted_marker has been decrypted.
2024-11-05 03:10:16,946 - INFO - Target folder file test.jpeg.enc has been encrypted.
2024-11-05 03:10:16,946 - INFO - Target folder file test.txt.enc has been encrypted.
2024-11-05 03:10:16,946 - INFO - Target folder file .encrypted_marker has been decrypted.
2024-11-05 03:10:16,946 - INFO - Target folder file test.jpeg.enc has been encrypted.
2024-11-05 03:10:16,946 - INFO - Target folder file test.txt.enc has been encrypted.
2024-11-05 03:10:16,946 - INFO - Target folder file .encrypted_marker has been decrypted.
2024-11-05 03:10:16,946 - INFO - Target folder file test.jpeg.enc has been encrypted.
2024-11-05 03:10:16,946 - INFO - Target folder file test.txt.enc has been encrypted.
2024-11-05 03:10:16,947 - INFO - Target folder file .encrypted_marker has been decrypted.
2024-11-05 03:10:16,947 - INFO - Target folder file test.jpeg.enc has been encrypted.
2024-11-05 03:10:16,947 - INFO - Target folder file test.txt.enc has been encrypted.
2024-11-05 03:10:16,947 - INFO - Target folder file .encrypted_marker has been decrypted.
2024-11-05 03:10:16,947 - INFO - Target folder file test.jpeg.enc has been encrypted.
2024-11-05 03:10:16,947 - INFO - Target folder file test.txt.enc has been encrypted.
2024-11-05 03:10:16,947 - INFO - Target folder file .encrypted_marker has been decrypted.
2024-11-05 03:10:16,947 - INFO - Target folder file test.jpeg.enc has been encrypted.
2024-11-05 03:10:16,947 - INFO - Target folder file test.txt.enc has been encrypted.
2024-11-05 03:10:16,947 - INFO - Target folder file .encrypted_marker has been decrypted.
2024-11-05 03:10:16,947 - INFO - Target folder file test.jpeg.enc has been encrypted.
2024-11-05 03:10:16,947 - INFO - Target folder file test.txt.enc has been encrypted.
2024-11-05 03:10:53,495 - INFO - Target folder file .encrypted_marker has been decrypted.
2024-11-05 03:10:53,495 - INFO - Target folder file test.jpeg.enc has been encrypted.
2024-11-05 03:10:53,495 - INFO - Target folder file test.txt.enc has been encrypted.
2024-11-05 03:10:53,496 - INFO - Target folder file .encrypted_marker has been decrypted.
2024-11-05 03:10:53,496 - INFO - Target folder file test.jpeg.enc has been encrypted.
2024-11-05 03:10:53,496 - INFO - Target folder file test.txt.enc has been encrypted.
2024-11-05 03:10:53,496 - INFO - Target folder file .encrypted_marker has been decrypted.
2024-11-05 03:10:53,496 - INFO - Target folder file test.jpeg.enc has been encrypted.
2024-11-05 03:10:53,496 - INFO - Target folder file test.txt.enc has been encrypted.
2024-11-05 03:10:53,998 - INFO - Target folder file test.jpeg has been decrypted.
2024-11-05 03:10:53,998 - INFO - Target folder file test.txt has been decrypted.
2024-11-05 03:10:53,998 - INFO - Target folder file test.jpeg has been decrypted.
2024-11-05 03:10:53,998 - INFO - Target folder file test.txt has been decrypted.
2024-11-05 03:10:53,998 - INFO - Target folder file test.jpeg has been decrypted.
2024-11-05 03:10:53,998 - INFO - Target folder file test.txt has been decrypted.
2024-11-05 03:10:53,998 - INFO - Target folder file test.jpeg has been decrypted.
2024-11-05 03:10:53,998 - INFO - Target folder file test.txt has been decrypted.
2024-11-05 03:10:53,998 - INFO - Target folder file test.jpeg has been decrypted.
2024-11-05 03:10:53,998 - INFO - Target folder file test.txt has been decrypted.
2024-11-05 03:10:53,999 - INFO - Target folder file test.jpeg has been decrypted.
2024-11-05 03:10:53,999 - INFO - Target folder file test.txt has been decrypted.
